<?xml version="1.0" encoding="UTF-8"?>
<!-- Generated by org.testng.reporters.JUnitReportReporter -->
<testsuite skipped="0" hostname="W1571632" name="com.flipk.tests.FetchIphonesDetails" tests="1" failures="0" timestamp="29 May 2021 13:41:55 GMT" time="49.527" errors="0">
  <testcase name="f" time="49.527" classname="com.flipk.tests.FetchIphonesDetails"/>
</testsuite> <!-- com.flipk.tests.FetchIphonesDetails -->
